<?xml version="1.0" encoding="UTF-8"?>
<!-- Generated by org.testng.reporters.JUnitReportReporter -->
<testsuite skipped="0" hostname="DESKTOP-ECDIVLQ" name="TestCases.TC_001_AccountRegistration" tests="1" failures="0" timestamp="2021-03-26T18:15:41 PDT" time="7.984" errors="0">
  <testcase name="test_account_registration" time="7.984" classname="TestCases.TC_001_AccountRegistration"/>
  <system-out/>
</testsuite> <!-- TestCases.TC_001_AccountRegistration -->
