<?xml version="1.0" encoding="UTF-8"?>
<!-- Generated by org.testng.reporters.JUnitReportReporter -->
<testsuite hostname="DESKTOP-ECDIVLQ" failures="0" tests="1" name="TestCases.TC_001_AccountRegistration" time="8.473" errors="0" timestamp="2021-03-24T21:12:51 PDT" skipped="0">
  <testcase classname="TestCases.TC_001_AccountRegistration" name="test_account_registration" time="8.473"/>
  <system-out/>
</testsuite> <!-- TestCases.TC_001_AccountRegistration -->
