<?xml version="1.0" encoding="UTF-8"?>
<!-- Generated by org.testng.reporters.JUnitReportReporter -->
<testsuite skipped="0" hostname="DESKTOP-ECDIVLQ" name="TestCases.TC_002_Login" tests="1" failures="0" timestamp="2021-03-26T18:17:21 PDT" time="4.348" errors="0">
  <testcase name="test_login" time="4.348" classname="TestCases.TC_002_Login"/>
  <system-out/>
</testsuite> <!-- TestCases.TC_002_Login -->
