<?xml version="1.0" encoding="UTF-8"?>
<!-- Generated by org.testng.reporters.JUnitReportReporter -->
<testsuite skipped="0" hostname="DESKTOP-ECDIVLQ" name="TestCases.TC_001_AccountRegistration" tests="1" failures="0" timestamp="2021-03-26T18:17:21 PDT" time="5.009" errors="0">
  <testcase name="test_account_registration" time="5.009" classname="TestCases.TC_001_AccountRegistration"/>
  <system-out/>
</testsuite> <!-- TestCases.TC_001_AccountRegistration -->
