<?xml version="1.0" encoding="UTF-8"?>
<!-- Generated by org.testng.reporters.JUnitReportReporter -->
<testsuite hostname="DESKTOP-ECDIVLQ" failures="0" tests="1" name="TestCases.TC_002_Login" time="9.161" errors="0" timestamp="2021-03-24T21:12:51 PDT" skipped="0">
  <testcase classname="TestCases.TC_002_Login" name="test_login" time="9.161"/>
  <system-out/>
</testsuite> <!-- TestCases.TC_002_Login -->
